{
  "RSpec": {
    "coverage": {
      "/Users/elly/Desktop/Projects/PetHub-backend/app/models/pet.rb": [
        1,
        1,
        null
      ],
      "/Users/elly/Desktop/Projects/PetHub-backend/app/models/application_record.rb": [
        1,
        1,
        null
      ],
      "/Users/elly/Desktop/Projects/PetHub-backend/app/controllers/pets_controller.rb": [
        1,
        1,
        null,
        1,
        2,
        2,
        null,
        null,
        1,
        6,
        2,
        null,
        null,
        null,
        1,
        2,
        null,
        null,
        null,
        1,
        2,
        2,
        null,
        null,
        null,
        1,
        1,
        1,
        null,
        null,
        1,
        null,
        1,
        8,
        null,
        null,
        1,
        7,
        null,
        null
      ],
      "/Users/elly/Desktop/Projects/PetHub-backend/app/controllers/application_controller.rb": [
        1,
        1,
        1,
        1,
        null
      ],
      "/Users/elly/Desktop/Projects/PetHub-backend/app/controllers/concerns/response.rb": [
        1,
        1,
        12,
        null,
        null
      ],
      "/Users/elly/Desktop/Projects/PetHub-backend/app/controllers/concerns/exception_handler.rb": [
        1,
        null,
        1,
        null,
        1,
        1,
        2,
        null,
        null,
        1,
        4,
        null,
        null,
        null
      ]
    },
    "timestamp": 1548243916
  }
}
