{
  "RSpec": {
    "coverage": {
      "/Users/tomdoh/makers_projects/PetHub-backend/app/lib/api_version.rb": [
        1,
        1,
        null,
        1,
        2,
        2,
        null,
        null,
        null,
        1,
        25,
        null,
        null,
        1,
        null,
        1,
        null,
        25,
        25,
        null,
        null
      ],
      "/Users/tomdoh/makers_projects/PetHub-backend/app/controllers/v2/pets_controller.rb": [
        1,
        1,
        0,
        null,
        null
      ],
      "/Users/tomdoh/makers_projects/PetHub-backend/app/controllers/application_controller.rb": [
        1,
        1,
        1,
        1,
        null
      ],
      "/Users/tomdoh/makers_projects/PetHub-backend/app/controllers/concerns/response.rb": [
        1,
        1,
        12,
        null,
        null
      ],
      "/Users/tomdoh/makers_projects/PetHub-backend/app/controllers/concerns/exception_handler.rb": [
        1,
        null,
        1,
        null,
        1,
        1,
        2,
        null,
        null,
        1,
        4,
        null,
        null,
        null
      ],
      "/Users/tomdoh/makers_projects/PetHub-backend/app/models/pet.rb": [
        1,
        1,
        null
      ],
      "/Users/tomdoh/makers_projects/PetHub-backend/app/models/application_record.rb": [
        1,
        1,
        null
      ],
      "/Users/tomdoh/makers_projects/PetHub-backend/app/controllers/v1/pets_controller.rb": [
        1,
        1,
        1,
        null,
        1,
        2,
        2,
        null,
        null,
        1,
        6,
        2,
        null,
        null,
        null,
        1,
        2,
        null,
        null,
        null,
        1,
        2,
        2,
        null,
        null,
        null,
        1,
        1,
        1,
        null,
        null,
        1,
        null,
        1,
        8,
        null,
        null,
        1,
        7,
        null,
        null,
        null
      ]
    },
    "timestamp": 1548266889
  }
}
